<?xml version="1.0" encoding="UTF-8"?>
<testsuite xmlns:xsi="http://www.w3.org/2001/XMLSchema-instance" xsi:noNamespaceSchemaLocation="https://maven.apache.org/surefire/maven-surefire-plugin/xsd/surefire-test-report-3.0.xsd" version="3.0" name="lab.util.utilTest" time="0.063" tests="3" errors="0" skipped="0" failures="0">
  <properties>
[...]
</properties>
  <testcase name="testValidatorValid" classname="lab.util.utilTest" time="0.012"/>
  <testcase name="testTransformer" classname="lab.util.utilTest" time="0.034"/>
  <testcase name="testValidatorInvalid" classname="lab.util.utilTest" time="0.013">
    <system-err><![CDATA[Validation Error: cvc-datatype-valid.1.2.1: 'NOT_A_NUMBER' is not a valid value for 'integer'.
]]></system-err>
  </testcase>
</testsuite>